# JRE version: OpenJDK Runtime Environment Temurin-21.0.3+9 (21.0.3+9) (build 21.0.3+9-LTS)
# Java VM: OpenJDK 64-Bit Server VM Temurin-21.0.3+9 (21.0.3+9-LTS, mixed mode, emulated-client, tiered, compressed oops, compressed class ptrs, g1 gc, windows-amd64)
GC Precious Log:
 CardTable entry size: 512
 Card Set container configuration: InlinePtr #cards 4 size 8 Array Of Cards #cards 16 size 48 Howl #buckets 8 coarsen threshold 3686 Howl Bitmap #cards 512 size 80 coarsen threshold 460 Card regions per heap region 1 cards per card region 4096
 CPUs: 8 total, 8 available
 Memory: 16226M
 Large Page Support: Disabled
 NUMA Support: Disabled
 Compressed Oops: Enabled (Zero based)
 Heap Region Size: 2M
 Heap Min Capacity: 8M
 Heap Initial Capacity: 254M
 Heap Max Capacity: 4058M
 Pre-touch: Disabled
 Parallel Workers: 8
 Concurrent Workers: 2
 Concurrent Refinement Workers: 8
 Periodic GC: Disabled
Heap:
 garbage-first heap   total 57344K, used 22168K [0x0000000702600000, 0x0000000800000000)
  region size 2048K, 9 young (18432K), 4 survivors (8192K)
 Metaspace       used 39373K, committed 39936K, reserved 1114112K
  class space    used 4708K, committed 4992K, reserved 1048576K
GC Heap History (18 events):
Event: 1.389 GC heap before
{Heap before GC invocations=0 (full 0):
 garbage-first heap   total 260096K, used 22528K [0x0000000702600000, 0x0000000800000000)
  region size 2048K, 11 young (22528K), 0 survivors (0K)
 Metaspace       used 15975K, committed 16256K, reserved 1114112K
  class space    used 1534K, committed 1664K, reserved 1048576K
}
Event: 1.395 GC heap after
{Heap after GC invocations=1 (full 0):
 garbage-first heap   total 260096K, used 4505K [0x0000000702600000, 0x0000000800000000)
  region size 2048K, 2 young (4096K), 2 survivors (4096K)
 Metaspace       used 15975K, committed 16256K, reserved 1114112K
  class space    used 1534K, committed 1664K, reserved 1048576K
}
Event: 1.875 GC heap before
{Heap before GC invocations=1 (full 0):
 garbage-first heap   total 260096K, used 35225K [0x0000000702600000, 0x0000000800000000)
  region size 2048K, 18 young (36864K), 2 survivors (4096K)
 Metaspace       used 20469K, committed 20800K, reserved 1114112K
  class space    used 2104K, committed 2240K, reserved 1048576K
}
Event: 1.885 GC heap after
{Heap after GC invocations=2 (full 0):
 garbage-first heap   total 260096K, used 6045K [0x0000000702600000, 0x0000000800000000)
  region size 2048K, 1 young (2048K), 1 survivors (2048K)
 Metaspace       used 20469K, committed 20800K, reserved 1114112K
  class space    used 2104K, committed 2240K, reserved 1048576K
}
Event: 1.971 GC heap before
{Heap before GC invocations=2 (full 0):
 garbage-first heap   total 260096K, used 12189K [0x0000000702600000, 0x0000000800000000)
  region size 2048K, 5 young (10240K), 1 survivors (2048K)
 Metaspace       used 21225K, committed 21504K, reserved 1114112K
  class space    used 2204K, committed 2368K, reserved 1048576K
}
Event: 1.974 GC heap after
{Heap after GC invocations=3 (full 0):
 garbage-first heap   total 260096K, used 6193K [0x0000000702600000, 0x0000000800000000)
  region size 2048K, 1 young (2048K), 1 survivors (2048K)
 Metaspace       used 21225K, committed 21504K, reserved 1114112K
  class space    used 2204K, committed 2368K, reserved 1048576K
}
Event: 2.263 GC heap before
{Heap before GC invocations=4 (full 0):
 garbage-first heap   total 34816K, used 32817K [0x0000000702600000, 0x0000000800000000)
  region size 2048K, 14 young (28672K), 1 survivors (2048K)
 Metaspace       used 23299K, committed 23616K, reserved 1114112K
  class space    used 2552K, committed 2688K, reserved 1048576K
}
Event: 2.268 GC heap after
{Heap after GC invocations=5 (full 0):
 garbage-first heap   total 38912K, used 7050K [0x0000000702600000, 0x0000000800000000)
  region size 2048K, 2 young (4096K), 2 survivors (4096K)
 Metaspace       used 23299K, committed 23616K, reserved 1114112K
  class space    used 2552K, committed 2688K, reserved 1048576K
}
Event: 2.400 GC heap before
{Heap before GC invocations=5 (full 0):
 garbage-first heap   total 38912K, used 23434K [0x0000000702600000, 0x0000000800000000)
  region size 2048K, 11 young (22528K), 2 survivors (4096K)
 Metaspace       used 24952K, committed 25344K, reserved 1114112K
  class space    used 2789K, committed 2944K, reserved 1048576K
}
Event: 2.409 GC heap after
{Heap after GC invocations=6 (full 0):
 garbage-first heap   total 38912K, used 7475K [0x0000000702600000, 0x0000000800000000)
  region size 2048K, 1 young (2048K), 1 survivors (2048K)
 Metaspace       used 24952K, committed 25344K, reserved 1114112K
  class space    used 2789K, committed 2944K, reserved 1048576K
}
Event: 2.520 GC heap before
{Heap before GC invocations=6 (full 0):
 garbage-first heap   total 38912K, used 25907K [0x0000000702600000, 0x0000000800000000)
  region size 2048K, 11 young (22528K), 1 survivors (2048K)
 Metaspace       used 26852K, committed 27264K, reserved 1114112K
  class space    used 2997K, committed 3200K, reserved 1048576K
}
Event: 2.528 GC heap after
{Heap after GC invocations=7 (full 0):
 garbage-first heap   total 149504K, used 7714K [0x0000000702600000, 0x0000000800000000)
  region size 2048K, 1 young (2048K), 1 survivors (2048K)
 Metaspace       used 26852K, committed 27264K, reserved 1114112K
  class space    used 2997K, committed 3200K, reserved 1048576K
}
Event: 3.319 GC heap before
{Heap before GC invocations=7 (full 0):
 garbage-first heap   total 149504K, used 91682K [0x0000000702600000, 0x0000000800000000)
  region size 2048K, 43 young (88064K), 1 survivors (2048K)
 Metaspace       used 33318K, committed 33728K, reserved 1114112K
  class space    used 3866K, committed 4032K, reserved 1048576K
}
Event: 3.334 GC heap after
{Heap after GC invocations=8 (full 0):
 garbage-first heap   total 149504K, used 10972K [0x0000000702600000, 0x0000000800000000)
  region size 2048K, 3 young (6144K), 3 survivors (6144K)
 Metaspace       used 33318K, committed 33728K, reserved 1114112K
  class space    used 3866K, committed 4032K, reserved 1048576K
}
Event: 3.759 GC heap before
{Heap before GC invocations=8 (full 0):
 garbage-first heap   total 149504K, used 39644K [0x0000000702600000, 0x0000000800000000)
  region size 2048K, 18 young (36864K), 3 survivors (6144K)
 Metaspace       used 35651K, committed 36096K, reserved 1114112K
  class space    used 4195K, committed 4416K, reserved 1048576K
}
Event: 3.766 GC heap after
{Heap after GC invocations=9 (full 0):
 garbage-first heap   total 149504K, used 11886K [0x0000000702600000, 0x0000000800000000)
  region size 2048K, 3 young (6144K), 3 survivors (6144K)
 Metaspace       used 35651K, committed 36096K, reserved 1114112K
  class space    used 4195K, committed 4416K, reserved 1048576K
}
Event: 4.441 GC heap before
{Heap before GC invocations=10 (full 0):
 garbage-first heap   total 49152K, used 48750K [0x0000000702600000, 0x0000000800000000)
  region size 2048K, 21 young (43008K), 3 survivors (6144K)
 Metaspace       used 38831K, committed 39360K, reserved 1114112K
  class space    used 4636K, committed 4864K, reserved 1048576K
}
Event: 4.458 GC heap after
{Heap after GC invocations=11 (full 0):
 garbage-first heap   total 57344K, used 13976K [0x0000000702600000, 0x0000000800000000)
  region size 2048K, 4 young (8192K), 4 survivors (8192K)
 Metaspace       used 38831K, committed 39360K, reserved 1114112K
  class space    used 4636K, committed 4864K, reserved 1048576K
}

